<?xml version="1.0" encoding="UTF-8"?>
<testsuite name="Registration"
           tests="5"
           failures="0"
           errors="0"
           skipped="0"
           time="2.886">
  <properties />
  
  
            <testcase name="test_click_register_link" time="2.099" classname="com.simplilearn.testNg.Registration" />
                <testcase name="Test_validate_registration_Text" time="0.031" classname="com.simplilearn.testNg.Registration" />
                <testcase name="Test_register_user" time="0.639" classname="com.simplilearn.testNg.Registration" />
                <testcase name="test_getTitle_page" time="0.109" classname="com.simplilearn.testNg.Registration" />
                <testcase name="Test_validate_registration_URL" time="0.008" classname="com.simplilearn.testNg.Registration" />
      
</testsuite>
