<?xml version="1.0" encoding="UTF-8"?>
<!-- Generated by org.testng.reporters.JUnitXMLReporter -->
<testsuite ignored="0" hostname="Nik" failures="0" tests="3" name="AddToCart" time="3.652" errors="0" timestamp="2024-01-25T12:41:28 IST">
  <testcase classname="com.simplilearn.testNg.AddProductToCart" name="test_login" time="0.87"/>
  <testcase classname="com.simplilearn.testNg.AddProductToCart" name="test_add_product_to_cart" time="0.075"/>
  <testcase classname="com.simplilearn.testNg.AddProductToCart" name="test_validate_success_message" time="0.072"/>
</testsuite> <!-- AddToCart -->
