<?xml version="1.0" encoding="UTF-8"?>
<!-- Generated by org.testng.reporters.JUnitXMLReporter -->
<testsuite ignored="0" hostname="Nik" failures="0" tests="3" name="Homepage" time="3.827" errors="0" timestamp="2024-01-25T12:41:24 IST">
  <testcase classname="com.simplilearn.testNg.HomePagee" name="test_getTitle_page" time="0.014"/>
  <testcase classname="com.simplilearn.testNg.HomePagee" name="Test_Validate_Text_On_Page" time="0.058"/>
  <testcase classname="com.simplilearn.testNg.HomePagee" name="test_click_register_link" time="1.867"/>
</testsuite> <!-- Homepage -->
