<?xml version="1.0" encoding="UTF-8"?>
<!-- Generated by org.testng.reporters.JUnitXMLReporter -->
<testsuite ignored="0" hostname="Nik" failures="0" tests="4" name="Login" time="3.052" errors="0" timestamp="2024-01-25T12:41:20 IST">
  <testcase classname="com.simplilearn.testNg.LoginTest" name="test_login" time="0.82"/>
  <testcase classname="com.simplilearn.testNg.LoginTest" name="test_getTitle_page" time="0.014"/>
  <testcase classname="com.simplilearn.testNg.LoginTest" name="Test_validate_registration_Text" time="0.055"/>
  <testcase classname="com.simplilearn.testNg.LoginTest" name="test_click_cart" time="0.178"/>
</testsuite> <!-- Login -->
