<?xml version="1.0" encoding="UTF-8"?>
<!-- Generated by org.testng.reporters.JUnitXMLReporter -->
<testsuite ignored="0" hostname="Nik" failures="0" tests="3" name="PlaceOrder" time="4.862" errors="0" timestamp="2024-01-25T12:41:33 IST">
  <testcase classname="com.simplilearn.testNg.PlaceOrder" name="test_login" time="0.353"/>
  <testcase classname="com.simplilearn.testNg.PlaceOrder" name="test_click_orders" time="0.265"/>
  <testcase classname="com.simplilearn.testNg.PlaceOrder" name="test_getTitle_page" time="0.011"/>
</testsuite> <!-- PlaceOrder -->
