<?xml version="1.0" encoding="UTF-8"?>
<!-- Generated by org.testng.reporters.JUnitXMLReporter -->
<testsuite ignored="0" hostname="Nik" failures="0" tests="5" name="Registration" time="8.024" errors="0" timestamp="2024-01-25T12:41:17 IST">
  <testcase classname="com.simplilearn.testNg.Registration" name="test_click_register_link" time="2.099"/>
  <testcase classname="com.simplilearn.testNg.Registration" name="test_getTitle_page" time="0.109"/>
  <testcase classname="com.simplilearn.testNg.Registration" name="Test_register_user" time="0.639"/>
  <testcase classname="com.simplilearn.testNg.Registration" name="Test_validate_registration_URL" time="0.008"/>
  <testcase classname="com.simplilearn.testNg.Registration" name="Test_validate_registration_Text" time="0.031"/>
</testsuite> <!-- Registration -->
